# JRE version: OpenJDK Runtime Environment JBR-11.0.9.1.11-1145.77-jcef (11.0.9.1+11) (build 11.0.9.1+11-b1145.77)
# Java VM: OpenJDK 64-Bit Server VM JBR-11.0.9.1.11-1145.77-jcef (11.0.9.1+11-b1145.77, mixed mode, tiered, compressed oops, g1 gc, linux-amd64)
Heap:
 garbage-first heap   total 131072K, used 12014K [0x00000000c2e00000, 0x0000000100000000)
  region size 1024K, 6 young (6144K), 0 survivors (0K)
 Metaspace       used 21442K, capacity 21840K, committed 22656K, reserved 1069056K
  class space    used 2098K, capacity 2236K, committed 2432K, reserved 1048576K
GC Heap History (12 events):
Event: 1.186 GC heap before
{Heap before GC invocations=0 (full 0):
 garbage-first heap   total 131072K, used 14336K [0x00000000c2e00000, 0x0000000100000000)
  region size 1024K, 14 young (14336K), 0 survivors (0K)
 Metaspace       used 12788K, capacity 13177K, committed 13568K, reserved 1060864K
  class space    used 1307K, capacity 1470K, committed 1536K, reserved 1048576K
}
Event: 1.194 GC heap after
{Heap after GC invocations=1 (full 0):
 garbage-first heap   total 131072K, used 3412K [0x00000000c2e00000, 0x0000000100000000)
  region size 1024K, 2 young (2048K), 2 survivors (2048K)
 Metaspace       used 12788K, capacity 13177K, committed 13568K, reserved 1060864K
  class space    used 1307K, capacity 1470K, committed 1536K, reserved 1048576K
}
Event: 1.420 GC heap before
{Heap before GC invocations=1 (full 0):
 garbage-first heap   total 131072K, used 10580K [0x00000000c2e00000, 0x0000000100000000)
  region size 1024K, 9 young (9216K), 2 survivors (2048K)
 Metaspace       used 15158K, capacity 15546K, committed 15872K, reserved 1062912K
  class space    used 1558K, capacity 1723K, committed 1792K, reserved 1048576K
}
Event: 1.429 GC heap after
{Heap after GC invocations=2 (full 0):
 garbage-first heap   total 131072K, used 5332K [0x00000000c2e00000, 0x0000000100000000)
  region size 1024K, 2 young (2048K), 2 survivors (2048K)
 Metaspace       used 15158K, capacity 15546K, committed 15872K, reserved 1062912K
  class space    used 1558K, capacity 1723K, committed 1792K, reserved 1048576K
}
Event: 2.636 GC heap before
{Heap before GC invocations=2 (full 0):
 garbage-first heap   total 131072K, used 20692K [0x00000000c2e00000, 0x0000000100000000)
  region size 1024K, 18 young (18432K), 2 survivors (2048K)
 Metaspace       used 20575K, capacity 21029K, committed 21248K, reserved 1069056K
  class space    used 2134K, capacity 2301K, committed 2304K, reserved 1048576K
}
Event: 2.644 GC heap after
{Heap after GC invocations=3 (full 0):
 garbage-first heap   total 131072K, used 7149K [0x00000000c2e00000, 0x0000000100000000)
  region size 1024K, 4 young (4096K), 4 survivors (4096K)
 Metaspace       used 20575K, capacity 21029K, committed 21248K, reserved 1069056K
  class space    used 2134K, capacity 2301K, committed 2304K, reserved 1048576K
}
Event: 1563.048 GC heap before
{Heap before GC invocations=4 (full 0):
 garbage-first heap   total 131072K, used 33773K [0x00000000c2e00000, 0x0000000100000000)
  region size 1024K, 30 young (30720K), 4 survivors (4096K)
 Metaspace       used 21327K, capacity 21900K, committed 22144K, reserved 1069056K
  class space    used 2166K, capacity 2368K, committed 2432K, reserved 1048576K
}
Event: 1563.068 GC heap after
{Heap after GC invocations=5 (full 0):
 garbage-first heap   total 131072K, used 7984K [0x00000000c2e00000, 0x0000000100000000)
  region size 1024K, 3 young (3072K), 3 survivors (3072K)
 Metaspace       used 21327K, capacity 21900K, committed 22144K, reserved 1069056K
  class space    used 2166K, capacity 2368K, committed 2432K, reserved 1048576K
}
Event: 5163.069 GC heap before
{Heap before GC invocations=5 (full 0):
 garbage-first heap   total 131072K, used 31536K [0x00000000c2e00000, 0x0000000100000000)
  region size 1024K, 27 young (27648K), 3 survivors (3072K)
 Metaspace       used 21655K, capacity 22220K, committed 22400K, reserved 1069056K
  class space    used 2173K, capacity 2380K, committed 2432K, reserved 1048576K
}
Event: 5163.089 GC heap after
{Heap after GC invocations=6 (full 1):
 garbage-first heap   total 131072K, used 7422K [0x00000000c2e00000, 0x0000000100000000)
  region size 1024K, 0 young (0K), 0 survivors (0K)
 Metaspace       used 21425K, capacity 21862K, committed 22400K, reserved 1069056K
  class space    used 2111K, capacity 2261K, committed 2432K, reserved 1048576K
}
Event: 8763.090 GC heap before
{Heap before GC invocations=6 (full 1):
 garbage-first heap   total 131072K, used 13566K [0x00000000c2e00000, 0x0000000100000000)
  region size 1024K, 7 young (7168K), 0 survivors (0K)
 Metaspace       used 21525K, capacity 21926K, committed 22400K, reserved 1069056K
  class space    used 2111K, capacity 2261K, committed 2432K, reserved 1048576K
}
Event: 8763.107 GC heap after
{Heap after GC invocations=7 (full 2):
 garbage-first heap   total 131072K, used 6894K [0x00000000c2e00000, 0x0000000100000000)
  region size 1024K, 0 young (0K), 0 survivors (0K)
 Metaspace       used 21429K, capacity 21776K, committed 22400K, reserved 1069056K
  class space    used 2098K, capacity 2236K, committed 2432K, reserved 1048576K
}

