# JRE version: OpenJDK Runtime Environment JBR-11.0.9.1.11-1145.77-jcef (11.0.9.1+11) (build 11.0.9.1+11-b1145.77)
# Java VM: OpenJDK 64-Bit Server VM JBR-11.0.9.1.11-1145.77-jcef (11.0.9.1+11-b1145.77, mixed mode, tiered, compressed oops, g1 gc, linux-amd64)
Heap:
 garbage-first heap   total 131072K, used 14609K [0x00000000c2e00000, 0x0000000100000000)
  region size 1024K, 10 young (10240K), 3 survivors (3072K)
 Metaspace       used 22325K, capacity 22908K, committed 22960K, reserved 1069056K
  class space    used 2262K, capacity 2453K, committed 2480K, reserved 1048576K
GC Heap History (8 events):
Event: 1.257 GC heap before
{Heap before GC invocations=0 (full 0):
 garbage-first heap   total 131072K, used 14336K [0x00000000c2e00000, 0x0000000100000000)
  region size 1024K, 14 young (14336K), 0 survivors (0K)
 Metaspace       used 12912K, capacity 13368K, committed 13568K, reserved 1060864K
  class space    used 1317K, capacity 1469K, committed 1536K, reserved 1048576K
}
Event: 1.266 GC heap after
{Heap after GC invocations=1 (full 0):
 garbage-first heap   total 131072K, used 3318K [0x00000000c2e00000, 0x0000000100000000)
  region size 1024K, 2 young (2048K), 2 survivors (2048K)
 Metaspace       used 12912K, capacity 13368K, committed 13568K, reserved 1060864K
  class space    used 1317K, capacity 1469K, committed 1536K, reserved 1048576K
}
Event: 1.571 GC heap before
{Heap before GC invocations=1 (full 0):
 garbage-first heap   total 131072K, used 13558K [0x00000000c2e00000, 0x0000000100000000)
  region size 1024K, 12 young (12288K), 2 survivors (2048K)
 Metaspace       used 16076K, capacity 16516K, committed 16768K, reserved 1064960K
  class space    used 1667K, capacity 1832K, committed 1920K, reserved 1048576K
}
Event: 1.579 GC heap after
{Heap after GC invocations=2 (full 0):
 garbage-first heap   total 131072K, used 5734K [0x00000000c2e00000, 0x0000000100000000)
  region size 1024K, 2 young (2048K), 2 survivors (2048K)
 Metaspace       used 16076K, capacity 16516K, committed 16768K, reserved 1064960K
  class space    used 1667K, capacity 1832K, committed 1920K, reserved 1048576K
}
Event: 30.705 GC heap before
{Heap before GC invocations=2 (full 0):
 garbage-first heap   total 131072K, used 19046K [0x00000000c2e00000, 0x0000000100000000)
  region size 1024K, 16 young (16384K), 2 survivors (2048K)
 Metaspace       used 20613K, capacity 21119K, committed 21296K, reserved 1069056K
  class space    used 2144K, capacity 2306K, committed 2352K, reserved 1048576K
}
Event: 30.733 GC heap after
{Heap after GC invocations=3 (full 0):
 garbage-first heap   total 131072K, used 7244K [0x00000000c2e00000, 0x0000000100000000)
  region size 1024K, 4 young (4096K), 4 survivors (4096K)
 Metaspace       used 20613K, capacity 21119K, committed 21296K, reserved 1069056K
  class space    used 2144K, capacity 2306K, committed 2352K, reserved 1048576K
}
Event: 2273.756 GC heap before
{Heap before GC invocations=4 (full 0):
 garbage-first heap   total 131072K, used 36940K [0x00000000c2e00000, 0x0000000100000000)
  region size 1024K, 34 young (34816K), 4 survivors (4096K)
 Metaspace       used 22028K, capacity 22567K, committed 22704K, reserved 1069056K
  class space    used 2245K, capacity 2448K, committed 2480K, reserved 1048576K
}
Event: 2273.763 GC heap after
{Heap after GC invocations=5 (full 0):
 garbage-first heap   total 131072K, used 8465K [0x00000000c2e00000, 0x0000000100000000)
  region size 1024K, 3 young (3072K), 3 survivors (3072K)
 Metaspace       used 22028K, capacity 22567K, committed 22704K, reserved 1069056K
  class space    used 2245K, capacity 2448K, committed 2480K, reserved 1048576K
}

